<?xml version="1.0" encoding="UTF-8"?>
<testng-results ignored="0" total="2" passed="2" failed="0" skipped="0">
  <reporter-output>
  </reporter-output>
  <suite started-at="2023-03-13T11:31:01 GMT" name="OpenLoginTests" finished-at="2023-03-13T11:31:48 GMT" duration-ms="47347">
    <groups>
    </groups>
    <test started-at="2023-03-13T11:31:01 GMT" name="SearchProduct" finished-at="2023-03-13T11:31:48 GMT" duration-ms="47147">
      <class name="UiScripts.TestCases.SearchProduct">
        <test-method is-config="true" signature="InitializationDriver()[pri:0, instance:UiScripts.TestCases.SearchProduct@4c6e276e]" started-at="2023-03-13T11:31:01 GMT" name="InitializationDriver" finished-at="2023-03-13T11:31:31 GMT" duration-ms="29285" status="PASS">
          <reporter-output>
          </reporter-output>
        </test-method> <!-- InitializationDriver -->
        <test-method signature="userRegistrationSecondTest()[pri:0, instance:UiScripts.TestCases.SearchProduct@4c6e276e]" started-at="2023-03-13T11:31:31 GMT" name="userRegistrationSecondTest" finished-at="2023-03-13T11:31:47 GMT" duration-ms="16669" status="PASS">
          <reporter-output>
          </reporter-output>
        </test-method> <!-- userRegistrationSecondTest -->
        <test-method is-config="true" signature="tearDown()[pri:0, instance:UiScripts.TestCases.SearchProduct@4c6e276e]" started-at="2023-03-13T11:31:47 GMT" name="tearDown" finished-at="2023-03-13T11:31:48 GMT" duration-ms="1003" status="PASS">
          <reporter-output>
          </reporter-output>
        </test-method> <!-- tearDown -->
      </class> <!-- UiScripts.TestCases.SearchProduct -->
    </test> <!-- SearchProduct -->
    <test started-at="2023-03-13T11:31:01 GMT" name="LoginValidation" finished-at="2023-03-13T11:31:48 GMT" duration-ms="47347">
      <class name="UiScripts.TestCases.LoginValidation">
        <test-method is-config="true" signature="InitializationDriver()[pri:0, instance:UiScripts.TestCases.LoginValidation@3c0a50da]" started-at="2023-03-13T11:31:01 GMT" name="InitializationDriver" finished-at="2023-03-13T11:31:30 GMT" duration-ms="29177" status="PASS">
          <reporter-output>
          </reporter-output>
        </test-method> <!-- InitializationDriver -->
        <test-method signature="userRegistrationTest()[pri:0, instance:UiScripts.TestCases.LoginValidation@3c0a50da]" started-at="2023-03-13T11:31:30 GMT" name="userRegistrationTest" finished-at="2023-03-13T11:31:48 GMT" duration-ms="17086" status="PASS">
          <reporter-output>
          </reporter-output>
        </test-method> <!-- userRegistrationTest -->
        <test-method is-config="true" signature="tearDown()[pri:0, instance:UiScripts.TestCases.LoginValidation@3c0a50da]" started-at="2023-03-13T11:31:48 GMT" name="tearDown" finished-at="2023-03-13T11:31:48 GMT" duration-ms="942" status="PASS">
          <reporter-output>
          </reporter-output>
        </test-method> <!-- tearDown -->
      </class> <!-- UiScripts.TestCases.LoginValidation -->
    </test> <!-- LoginValidation -->
  </suite> <!-- OpenLoginTests -->
</testng-results>
